
*** Running vivado
    with args -log PmodDemo_microblaze_0_axi_intc_0.vds -m64 -product Vivado -mode batch -messageDb vivado.pb -notrace -source PmodDemo_microblaze_0_axi_intc_0.tcl



****** Vivado v2020.2 (64-bit)
  **** SW Build 3064766 on Wed Nov 18 09:12:45 MST 2020
  **** IP Build 3064653 on Wed Nov 18 14:17:31 MST 2020
    ** Copyright 1986-2020 Xilinx, Inc. All Rights Reserved.

source PmodDemo_microblaze_0_axi_intc_0.tcl -notrace
INFO: [IP_Flow 19-234] Refreshing IP repositories
INFO: [IP_Flow 19-1700] Loaded user IP repository 'c:/Users/micro/OneDrive/Documents/GitHub/FPGA-Projects/diligentLib'.
INFO: [IP_Flow 19-2313] Loaded Vivado IP repository 'C:/Xilinx/Vivado/2020.2/data/ip'.
update_ip_catalog: Time (s): cpu = 00:00:03 ; elapsed = 00:00:05 . Memory (MB): peak = 1016.234 ; gain = 0.000
WARNING: [IP_Flow 19-4995] The host OS only allows 260 characters in a normal path. The IP cache path is more than 80 characters. If you experience issues with IP caching, please consider changing the IP cache to a location with a shorter path. Alternately consider using the OS subst command to map part of the path to a drive letter. 
Current IP cache path is c:/Users/micro/OneDrive/Documents/GitHub/FPGA-Projects/Programs/microBlaze/microBlaze.cache/ip 
Command: synth_design -top PmodDemo_microblaze_0_axi_intc_0 -part xc7a100tcsg324-1 -mode out_of_context
Starting synth_design
Attempting to get a license for feature 'Synthesis' and/or device 'xc7a100t'
INFO: [Common 17-349] Got license for feature 'Synthesis' and/or device 'xc7a100t'
INFO: [Device 21-403] Loading part xc7a100tcsg324-1
INFO: [Synth 8-7079] Multithreading enabled for synth_design using a maximum of 2 processes.
INFO: [Synth 8-7078] Launching helper process for spawning children vivado processes
INFO: [Synth 8-7075] Helper process launched with PID 6884
---------------------------------------------------------------------------------
Starting RTL Elaboration : Time (s): cpu = 00:00:10 ; elapsed = 00:00:13 . Memory (MB): peak = 1016.234 ; gain = 0.000
---------------------------------------------------------------------------------
INFO: [Synth 8-638] synthesizing module 'PmodDemo_microblaze_0_axi_intc_0' [c:/Users/micro/OneDrive/Documents/GitHub/FPGA-Projects/Programs/microBlaze/microBlaze.gen/sources_1/bd/PmodDemo/ip/PmodDemo_microblaze_0_axi_intc_0/synth/PmodDemo_microblaze_0_axi_intc_0.vhd:89]
	Parameter C_FAMILY bound to: artix7 - type: string 
	Parameter C_INSTANCE bound to: PmodDemo_microblaze_0_axi_intc_0 - type: string 
	Parameter C_S_AXI_ADDR_WIDTH bound to: 9 - type: integer 
	Parameter C_S_AXI_DATA_WIDTH bound to: 32 - type: integer 
	Parameter C_NUM_INTR_INPUTS bound to: 2 - type: integer 
	Parameter C_NUM_SW_INTR bound to: 0 - type: integer 
	Parameter C_KIND_OF_INTR bound to: 32'b11111111111111111111111111111111 
	Parameter C_KIND_OF_EDGE bound to: 32'b11111111111111111111111111111111 
	Parameter C_KIND_OF_LVL bound to: 32'b11111111111111111111111111111111 
	Parameter C_ASYNC_INTR bound to: 32'b11111111111111111111111111111111 
	Parameter C_NUM_SYNC_FF bound to: 2 - type: integer 
	Parameter C_ADDR_WIDTH bound to: 32 - type: integer 
	Parameter C_IVAR_RESET_VALUE bound to: 64'b0000000000000000000000000000000000000000000000000000000000010000 
	Parameter C_ENABLE_ASYNC bound to: 0 - type: integer 
	Parameter C_HAS_IPR bound to: 1 - type: integer 
	Parameter C_HAS_SIE bound to: 1 - type: integer 
	Parameter C_HAS_CIE bound to: 1 - type: integer 
	Parameter C_HAS_IVR bound to: 1 - type: integer 
	Parameter C_HAS_ILR bound to: 0 - type: integer 
	Parameter C_IRQ_IS_LEVEL bound to: 1 - type: integer 
	Parameter C_IRQ_ACTIVE bound to: 1'b1 
	Parameter C_DISABLE_SYNCHRONIZERS bound to: 1 - type: integer 
	Parameter C_MB_CLK_NOT_CONNECTED bound to: 1 - type: integer 
	Parameter C_HAS_FAST bound to: 1 - type: integer 
	Parameter C_EN_CASCADE_MODE bound to: 0 - type: integer 
	Parameter C_CASCADE_MASTER bound to: 0 - type: integer 
INFO: [Synth 8-3491] module 'axi_intc' declared at 'c:/Users/micro/OneDrive/Documents/GitHub/FPGA-Projects/Programs/microBlaze/microBlaze.gen/sources_1/bd/PmodDemo/ipshared/47b8/hdl/axi_intc_v4_1_vh_rfs.vhd:3452' bound to instance 'U0' of component 'axi_intc' [c:/Users/micro/OneDrive/Documents/GitHub/FPGA-Projects/Programs/microBlaze/microBlaze.gen/sources_1/bd/PmodDemo/ip/PmodDemo_microblaze_0_axi_intc_0/synth/PmodDemo_microblaze_0_axi_intc_0.vhd:195]
INFO: [Synth 8-638] synthesizing module 'axi_intc' [c:/Users/micro/OneDrive/Documents/GitHub/FPGA-Projects/Programs/microBlaze/microBlaze.gen/sources_1/bd/PmodDemo/ipshared/47b8/hdl/axi_intc_v4_1_vh_rfs.vhd:3553]
	Parameter C_FAMILY bound to: artix7 - type: string 
	Parameter C_INSTANCE bound to: PmodDemo_microblaze_0_axi_intc_0 - type: string 
	Parameter C_S_AXI_ADDR_WIDTH bound to: 9 - type: integer 
	Parameter C_S_AXI_DATA_WIDTH bound to: 32 - type: integer 
	Parameter C_NUM_INTR_INPUTS bound to: 2 - type: integer 
	Parameter C_NUM_SW_INTR bound to: 0 - type: integer 
	Parameter C_KIND_OF_INTR bound to: -1 - type: integer 
	Parameter C_KIND_OF_EDGE bound to: -1 - type: integer 
	Parameter C_KIND_OF_LVL bound to: -1 - type: integer 
	Parameter C_ASYNC_INTR bound to: -1 - type: integer 
	Parameter C_NUM_SYNC_FF bound to: 2 - type: integer 
	Parameter C_IVAR_RESET_VALUE bound to: 64'b0000000000000000000000000000000000000000000000000000000000010000 
	Parameter C_ADDR_WIDTH bound to: 32 - type: integer 
	Parameter C_HAS_IPR bound to: 1 - type: integer 
	Parameter C_HAS_SIE bound to: 1 - type: integer 
	Parameter C_HAS_CIE bound to: 1 - type: integer 
	Parameter C_HAS_IVR bound to: 1 - type: integer 
	Parameter C_HAS_ILR bound to: 0 - type: integer 
	Parameter C_IRQ_IS_LEVEL bound to: 1 - type: integer 
	Parameter C_IRQ_ACTIVE bound to: 1'b1 
	Parameter C_DISABLE_SYNCHRONIZERS bound to: 1 - type: integer 
	Parameter C_MB_CLK_NOT_CONNECTED bound to: 1 - type: integer 
	Parameter C_HAS_FAST bound to: 1 - type: integer 
	Parameter C_ENABLE_ASYNC bound to: 0 - type: integer 
	Parameter C_EN_CASCADE_MODE bound to: 0 - type: integer 
	Parameter C_CASCADE_MASTER bound to: 0 - type: integer 
INFO: [Synth 8-638] synthesizing module 'intc_core' [c:/Users/micro/OneDrive/Documents/GitHub/FPGA-Projects/Programs/microBlaze/microBlaze.gen/sources_1/bd/PmodDemo/ipshared/47b8/hdl/axi_intc_v4_1_vh_rfs.vhd:794]
	Parameter C_FAMILY bound to: artix7 - type: string 
	Parameter C_DWIDTH bound to: 32 - type: integer 
	Parameter C_NUM_INTR_INPUTS bound to: 2 - type: integer 
	Parameter C_NUM_SW_INTR bound to: 0 - type: integer 
	Parameter C_KIND_OF_INTR bound to: -1 - type: integer 
	Parameter C_KIND_OF_EDGE bound to: -1 - type: integer 
	Parameter C_KIND_OF_LVL bound to: -1 - type: integer 
	Parameter C_ASYNC_INTR bound to: -1 - type: integer 
	Parameter C_NUM_SYNC_FF bound to: 2 - type: integer 
	Parameter C_HAS_IPR bound to: 1 - type: integer 
	Parameter C_HAS_SIE bound to: 1 - type: integer 
	Parameter C_HAS_CIE bound to: 1 - type: integer 
	Parameter C_HAS_IVR bound to: 1 - type: integer 
	Parameter C_HAS_ILR bound to: 0 - type: integer 
	Parameter C_IRQ_IS_LEVEL bound to: 1 - type: integer 
	Parameter C_IRQ_ACTIVE bound to: 1'b1 
	Parameter C_DISABLE_SYNCHRONIZERS bound to: 1 - type: integer 
	Parameter C_MB_CLK_NOT_CONNECTED bound to: 1 - type: integer 
	Parameter C_HAS_FAST bound to: 1 - type: integer 
	Parameter C_IVAR_RESET_VALUE bound to: 64'b0000000000000000000000000000000000000000000000000000000000010000 
	Parameter C_IVAR_WE_WIDTH bound to: 1 - type: integer 
	Parameter C_ADDR_WIDTH bound to: 32 - type: integer 
	Parameter C_EN_CASCADE_MODE bound to: 0 - type: integer 
	Parameter C_CASCADE_MASTER bound to: 0 - type: integer 
INFO: [Synth 8-638] synthesizing module 'shared_ram_ivar' [c:/Users/micro/OneDrive/Documents/GitHub/FPGA-Projects/Programs/microBlaze/microBlaze.gen/sources_1/bd/PmodDemo/ipshared/47b8/hdl/axi_intc_v4_1_vh_rfs.vhd:320]
	Parameter C_WIDTH bound to: 32 - type: integer 
	Parameter C_DPRAM_DEPTH bound to: 16 - type: integer 
	Parameter C_ADDR_LINES bound to: 4 - type: integer 
	Parameter C_WE_WIDTH bound to: 1 - type: integer 
	Parameter C_RESET_VALUE bound to: 64'b0000000000000000000000000000000000000000000000000000000000010000 
INFO: [Synth 8-256] done synthesizing module 'shared_ram_ivar' (1#1) [c:/Users/micro/OneDrive/Documents/GitHub/FPGA-Projects/Programs/microBlaze/microBlaze.gen/sources_1/bd/PmodDemo/ipshared/47b8/hdl/axi_intc_v4_1_vh_rfs.vhd:320]
INFO: [Synth 8-256] done synthesizing module 'intc_core' (2#1) [c:/Users/micro/OneDrive/Documents/GitHub/FPGA-Projects/Programs/microBlaze/microBlaze.gen/sources_1/bd/PmodDemo/ipshared/47b8/hdl/axi_intc_v4_1_vh_rfs.vhd:794]
INFO: [Synth 8-638] synthesizing module 'axi_lite_ipif' [c:/Users/micro/OneDrive/Documents/GitHub/FPGA-Projects/Programs/microBlaze/microBlaze.gen/sources_1/bd/PmodDemo/ipshared/66ea/hdl/axi_lite_ipif_v3_0_vh_rfs.vhd:2948]
	Parameter C_S_AXI_DATA_WIDTH bound to: 32 - type: integer 
	Parameter C_S_AXI_ADDR_WIDTH bound to: 9 - type: integer 
	Parameter C_S_AXI_MIN_SIZE bound to: 32'b00000000000000000000000111111111 
	Parameter C_USE_WSTRB bound to: 1 - type: integer 
	Parameter C_DPHASE_TIMEOUT bound to: 8 - type: integer 
	Parameter C_ARD_ADDR_RANGE_ARRAY bound to: 384'b000000000000000000000000000000000000000000000000000000000000000000000000000000000000000000000000000000000000000000000000001111110000000000000000000000000000000000000000000000000000000100000000000000000000000000000000000000000000000000000000000000010111111100000000000000000000000000000000000000000000000000000010000000000000000000000000000000000000000000000000000000000000001011111111 
	Parameter C_ARD_NUM_CE_ARRAY bound to: 96'b000000000000000000000000000100000000000000000000000000000000000100000000000000000000000000000010 
	Parameter C_FAMILY bound to: artix7 - type: string 
INFO: [Synth 8-638] synthesizing module 'slave_attachment' [c:/Users/micro/OneDrive/Documents/GitHub/FPGA-Projects/Programs/microBlaze/microBlaze.gen/sources_1/bd/PmodDemo/ipshared/66ea/hdl/axi_lite_ipif_v3_0_vh_rfs.vhd:2341]
	Parameter C_ARD_ADDR_RANGE_ARRAY bound to: 384'b000000000000000000000000000000000000000000000000000000000000000000000000000000000000000000000000000000000000000000000000001111110000000000000000000000000000000000000000000000000000000100000000000000000000000000000000000000000000000000000000000000010111111100000000000000000000000000000000000000000000000000000010000000000000000000000000000000000000000000000000000000000000001011111111 
	Parameter C_ARD_NUM_CE_ARRAY bound to: 96'b000000000000000000000000000100000000000000000000000000000000000100000000000000000000000000000010 
	Parameter C_IPIF_ABUS_WIDTH bound to: 9 - type: integer 
	Parameter C_IPIF_DBUS_WIDTH bound to: 32 - type: integer 
	Parameter C_S_AXI_MIN_SIZE bound to: 511 - type: integer 
	Parameter C_USE_WSTRB bound to: 1 - type: integer 
	Parameter C_DPHASE_TIMEOUT bound to: 8 - type: integer 
	Parameter C_FAMILY bound to: artix7 - type: string 
INFO: [Synth 8-638] synthesizing module 'address_decoder' [c:/Users/micro/OneDrive/Documents/GitHub/FPGA-Projects/Programs/microBlaze/microBlaze.gen/sources_1/bd/PmodDemo/ipshared/66ea/hdl/axi_lite_ipif_v3_0_vh_rfs.vhd:1775]
	Parameter C_BUS_AWIDTH bound to: 9 - type: integer 
	Parameter C_S_AXI_MIN_SIZE bound to: 511 - type: integer 
	Parameter C_ARD_ADDR_RANGE_ARRAY bound to: 384'b000000000000000000000000000000000000000000000000000000000000000000000000000000000000000000000000000000000000000000000000001111110000000000000000000000000000000000000000000000000000000100000000000000000000000000000000000000000000000000000000000000010111111100000000000000000000000000000000000000000000000000000010000000000000000000000000000000000000000000000000000000000000001011111111 
	Parameter C_ARD_NUM_CE_ARRAY bound to: 96'b000000000000000000000000000100000000000000000000000000000000000100000000000000000000000000000010 
	Parameter C_FAMILY bound to: nofamily - type: string 
INFO: [Synth 8-638] synthesizing module 'pselect_f' [c:/Users/micro/OneDrive/Documents/GitHub/FPGA-Projects/Programs/microBlaze/microBlaze.gen/sources_1/bd/PmodDemo/ipshared/66ea/hdl/axi_lite_ipif_v3_0_vh_rfs.vhd:1534]
	Parameter C_AB bound to: 3 - type: integer 
	Parameter C_AW bound to: 9 - type: integer 
	Parameter C_BAR bound to: 9'b000000000 
	Parameter C_FAMILY bound to: nofamily - type: string 
INFO: [Synth 8-256] done synthesizing module 'pselect_f' (3#1) [c:/Users/micro/OneDrive/Documents/GitHub/FPGA-Projects/Programs/microBlaze/microBlaze.gen/sources_1/bd/PmodDemo/ipshared/66ea/hdl/axi_lite_ipif_v3_0_vh_rfs.vhd:1534]
INFO: [Synth 8-638] synthesizing module 'pselect_f__parameterized0' [c:/Users/micro/OneDrive/Documents/GitHub/FPGA-Projects/Programs/microBlaze/microBlaze.gen/sources_1/bd/PmodDemo/ipshared/66ea/hdl/axi_lite_ipif_v3_0_vh_rfs.vhd:1534]
	Parameter C_AB bound to: 4 - type: integer 
	Parameter C_AW bound to: 4 - type: integer 
	Parameter C_BAR bound to: 4'b0000 
	Parameter C_FAMILY bound to: nofamily - type: string 
INFO: [Synth 8-256] done synthesizing module 'pselect_f__parameterized0' (3#1) [c:/Users/micro/OneDrive/Documents/GitHub/FPGA-Projects/Programs/microBlaze/microBlaze.gen/sources_1/bd/PmodDemo/ipshared/66ea/hdl/axi_lite_ipif_v3_0_vh_rfs.vhd:1534]
INFO: [Synth 8-638] synthesizing module 'pselect_f__parameterized1' [c:/Users/micro/OneDrive/Documents/GitHub/FPGA-Projects/Programs/microBlaze/microBlaze.gen/sources_1/bd/PmodDemo/ipshared/66ea/hdl/axi_lite_ipif_v3_0_vh_rfs.vhd:1534]
	Parameter C_AB bound to: 4 - type: integer 
	Parameter C_AW bound to: 4 - type: integer 
	Parameter C_BAR bound to: 4'b0001 
	Parameter C_FAMILY bound to: nofamily - type: string 
INFO: [Synth 8-256] done synthesizing module 'pselect_f__parameterized1' (3#1) [c:/Users/micro/OneDrive/Documents/GitHub/FPGA-Projects/Programs/microBlaze/microBlaze.gen/sources_1/bd/PmodDemo/ipshared/66ea/hdl/axi_lite_ipif_v3_0_vh_rfs.vhd:1534]
INFO: [Synth 8-638] synthesizing module 'pselect_f__parameterized2' [c:/Users/micro/OneDrive/Documents/GitHub/FPGA-Projects/Programs/microBlaze/microBlaze.gen/sources_1/bd/PmodDemo/ipshared/66ea/hdl/axi_lite_ipif_v3_0_vh_rfs.vhd:1534]
	Parameter C_AB bound to: 4 - type: integer 
	Parameter C_AW bound to: 4 - type: integer 
	Parameter C_BAR bound to: 4'b0010 
	Parameter C_FAMILY bound to: nofamily - type: string 
INFO: [Synth 8-256] done synthesizing module 'pselect_f__parameterized2' (3#1) [c:/Users/micro/OneDrive/Documents/GitHub/FPGA-Projects/Programs/microBlaze/microBlaze.gen/sources_1/bd/PmodDemo/ipshared/66ea/hdl/axi_lite_ipif_v3_0_vh_rfs.vhd:1534]
INFO: [Synth 8-638] synthesizing module 'pselect_f__parameterized3' [c:/Users/micro/OneDrive/Documents/GitHub/FPGA-Projects/Programs/microBlaze/microBlaze.gen/sources_1/bd/PmodDemo/ipshared/66ea/hdl/axi_lite_ipif_v3_0_vh_rfs.vhd:1534]
	Parameter C_AB bound to: 4 - type: integer 
	Parameter C_AW bound to: 4 - type: integer 
	Parameter C_BAR bound to: 4'b0011 
	Parameter C_FAMILY bound to: nofamily - type: string 
INFO: [Synth 8-256] done synthesizing module 'pselect_f__parameterized3' (3#1) [c:/Users/micro/OneDrive/Documents/GitHub/FPGA-Projects/Programs/microBlaze/microBlaze.gen/sources_1/bd/PmodDemo/ipshared/66ea/hdl/axi_lite_ipif_v3_0_vh_rfs.vhd:1534]
INFO: [Synth 8-638] synthesizing module 'pselect_f__parameterized4' [c:/Users/micro/OneDrive/Documents/GitHub/FPGA-Projects/Programs/microBlaze/microBlaze.gen/sources_1/bd/PmodDemo/ipshared/66ea/hdl/axi_lite_ipif_v3_0_vh_rfs.vhd:1534]
	Parameter C_AB bound to: 4 - type: integer 
	Parameter C_AW bound to: 4 - type: integer 
	Parameter C_BAR bound to: 4'b0100 
	Parameter C_FAMILY bound to: nofamily - type: string 
INFO: [Synth 8-256] done synthesizing module 'pselect_f__parameterized4' (3#1) [c:/Users/micro/OneDrive/Documents/GitHub/FPGA-Projects/Programs/microBlaze/microBlaze.gen/sources_1/bd/PmodDemo/ipshared/66ea/hdl/axi_lite_ipif_v3_0_vh_rfs.vhd:1534]
INFO: [Synth 8-638] synthesizing module 'pselect_f__parameterized5' [c:/Users/micro/OneDrive/Documents/GitHub/FPGA-Projects/Programs/microBlaze/microBlaze.gen/sources_1/bd/PmodDemo/ipshared/66ea/hdl/axi_lite_ipif_v3_0_vh_rfs.vhd:1534]
	Parameter C_AB bound to: 4 - type: integer 
	Parameter C_AW bound to: 4 - type: integer 
	Parameter C_BAR bound to: 4'b0101 
	Parameter C_FAMILY bound to: nofamily - type: string 
INFO: [Synth 8-256] done synthesizing module 'pselect_f__parameterized5' (3#1) [c:/Users/micro/OneDrive/Documents/GitHub/FPGA-Projects/Programs/microBlaze/microBlaze.gen/sources_1/bd/PmodDemo/ipshared/66ea/hdl/axi_lite_ipif_v3_0_vh_rfs.vhd:1534]
INFO: [Synth 8-638] synthesizing module 'pselect_f__parameterized6' [c:/Users/micro/OneDrive/Documents/GitHub/FPGA-Projects/Programs/microBlaze/microBlaze.gen/sources_1/bd/PmodDemo/ipshared/66ea/hdl/axi_lite_ipif_v3_0_vh_rfs.vhd:1534]
	Parameter C_AB bound to: 4 - type: integer 
	Parameter C_AW bound to: 4 - type: integer 
	Parameter C_BAR bound to: 4'b0110 
	Parameter C_FAMILY bound to: nofamily - type: string 
INFO: [Synth 8-256] done synthesizing module 'pselect_f__parameterized6' (3#1) [c:/Users/micro/OneDrive/Documents/GitHub/FPGA-Projects/Programs/microBlaze/microBlaze.gen/sources_1/bd/PmodDemo/ipshared/66ea/hdl/axi_lite_ipif_v3_0_vh_rfs.vhd:1534]
INFO: [Synth 8-638] synthesizing module 'pselect_f__parameterized7' [c:/Users/micro/OneDrive/Documents/GitHub/FPGA-Projects/Programs/microBlaze/microBlaze.gen/sources_1/bd/PmodDemo/ipshared/66ea/hdl/axi_lite_ipif_v3_0_vh_rfs.vhd:1534]
	Parameter C_AB bound to: 4 - type: integer 
	Parameter C_AW bound to: 4 - type: integer 
	Parameter C_BAR bound to: 4'b0111 
	Parameter C_FAMILY bound to: nofamily - type: string 
INFO: [Synth 8-256] done synthesizing module 'pselect_f__parameterized7' (3#1) [c:/Users/micro/OneDrive/Documents/GitHub/FPGA-Projects/Programs/microBlaze/microBlaze.gen/sources_1/bd/PmodDemo/ipshared/66ea/hdl/axi_lite_ipif_v3_0_vh_rfs.vhd:1534]
INFO: [Synth 8-638] synthesizing module 'pselect_f__parameterized8' [c:/Users/micro/OneDrive/Documents/GitHub/FPGA-Projects/Programs/microBlaze/microBlaze.gen/sources_1/bd/PmodDemo/ipshared/66ea/hdl/axi_lite_ipif_v3_0_vh_rfs.vhd:1534]
	Parameter C_AB bound to: 4 - type: integer 
	Parameter C_AW bound to: 4 - type: integer 
	Parameter C_BAR bound to: 4'b1000 
	Parameter C_FAMILY bound to: nofamily - type: string 
INFO: [Synth 8-256] done synthesizing module 'pselect_f__parameterized8' (3#1) [c:/Users/micro/OneDrive/Documents/GitHub/FPGA-Projects/Programs/microBlaze/microBlaze.gen/sources_1/bd/PmodDemo/ipshared/66ea/hdl/axi_lite_ipif_v3_0_vh_rfs.vhd:1534]
INFO: [Synth 8-638] synthesizing module 'pselect_f__parameterized9' [c:/Users/micro/OneDrive/Documents/GitHub/FPGA-Projects/Programs/microBlaze/microBlaze.gen/sources_1/bd/PmodDemo/ipshared/66ea/hdl/axi_lite_ipif_v3_0_vh_rfs.vhd:1534]
	Parameter C_AB bound to: 4 - type: integer 
	Parameter C_AW bound to: 4 - type: integer 
	Parameter C_BAR bound to: 4'b1001 
	Parameter C_FAMILY bound to: nofamily - type: string 
INFO: [Synth 8-256] done synthesizing module 'pselect_f__parameterized9' (3#1) [c:/Users/micro/OneDrive/Documents/GitHub/FPGA-Projects/Programs/microBlaze/microBlaze.gen/sources_1/bd/PmodDemo/ipshared/66ea/hdl/axi_lite_ipif_v3_0_vh_rfs.vhd:1534]
INFO: [Synth 8-638] synthesizing module 'pselect_f__parameterized10' [c:/Users/micro/OneDrive/Documents/GitHub/FPGA-Projects/Programs/microBlaze/microBlaze.gen/sources_1/bd/PmodDemo/ipshared/66ea/hdl/axi_lite_ipif_v3_0_vh_rfs.vhd:1534]
	Parameter C_AB bound to: 4 - type: integer 
	Parameter C_AW bound to: 4 - type: integer 
	Parameter C_BAR bound to: 4'b1010 
	Parameter C_FAMILY bound to: nofamily - type: string 
INFO: [Synth 8-256] done synthesizing module 'pselect_f__parameterized10' (3#1) [c:/Users/micro/OneDrive/Documents/GitHub/FPGA-Projects/Programs/microBlaze/microBlaze.gen/sources_1/bd/PmodDemo/ipshared/66ea/hdl/axi_lite_ipif_v3_0_vh_rfs.vhd:1534]
INFO: [Synth 8-638] synthesizing module 'pselect_f__parameterized11' [c:/Users/micro/OneDrive/Documents/GitHub/FPGA-Projects/Programs/microBlaze/microBlaze.gen/sources_1/bd/PmodDemo/ipshared/66ea/hdl/axi_lite_ipif_v3_0_vh_rfs.vhd:1534]
	Parameter C_AB bound to: 4 - type: integer 
	Parameter C_AW bound to: 4 - type: integer 
	Parameter C_BAR bound to: 4'b1011 
	Parameter C_FAMILY bound to: nofamily - type: string 
INFO: [Synth 8-256] done synthesizing module 'pselect_f__parameterized11' (3#1) [c:/Users/micro/OneDrive/Documents/GitHub/FPGA-Projects/Programs/microBlaze/microBlaze.gen/sources_1/bd/PmodDemo/ipshared/66ea/hdl/axi_lite_ipif_v3_0_vh_rfs.vhd:1534]
INFO: [Synth 8-638] synthesizing module 'pselect_f__parameterized12' [c:/Users/micro/OneDrive/Documents/GitHub/FPGA-Projects/Programs/microBlaze/microBlaze.gen/sources_1/bd/PmodDemo/ipshared/66ea/hdl/axi_lite_ipif_v3_0_vh_rfs.vhd:1534]
	Parameter C_AB bound to: 4 - type: integer 
	Parameter C_AW bound to: 4 - type: integer 
	Parameter C_BAR bound to: 4'b1100 
	Parameter C_FAMILY bound to: nofamily - type: string 
INFO: [Synth 8-256] done synthesizing module 'pselect_f__parameterized12' (3#1) [c:/Users/micro/OneDrive/Documents/GitHub/FPGA-Projects/Programs/microBlaze/microBlaze.gen/sources_1/bd/PmodDemo/ipshared/66ea/hdl/axi_lite_ipif_v3_0_vh_rfs.vhd:1534]
INFO: [Synth 8-638] synthesizing module 'pselect_f__parameterized13' [c:/Users/micro/OneDrive/Documents/GitHub/FPGA-Projects/Programs/microBlaze/microBlaze.gen/sources_1/bd/PmodDemo/ipshared/66ea/hdl/axi_lite_ipif_v3_0_vh_rfs.vhd:1534]
	Parameter C_AB bound to: 4 - type: integer 
	Parameter C_AW bound to: 4 - type: integer 
	Parameter C_BAR bound to: 4'b1101 
	Parameter C_FAMILY bound to: nofamily - type: string 
INFO: [Synth 8-256] done synthesizing module 'pselect_f__parameterized13' (3#1) [c:/Users/micro/OneDrive/Documents/GitHub/FPGA-Projects/Programs/microBlaze/microBlaze.gen/sources_1/bd/PmodDemo/ipshared/66ea/hdl/axi_lite_ipif_v3_0_vh_rfs.vhd:1534]
INFO: [Synth 8-638] synthesizing module 'pselect_f__parameterized14' [c:/Users/micro/OneDrive/Documents/GitHub/FPGA-Projects/Programs/microBlaze/microBlaze.gen/sources_1/bd/PmodDemo/ipshared/66ea/hdl/axi_lite_ipif_v3_0_vh_rfs.vhd:1534]
	Parameter C_AB bound to: 4 - type: integer 
	Parameter C_AW bound to: 4 - type: integer 
	Parameter C_BAR bound to: 4'b1110 
	Parameter C_FAMILY bound to: nofamily - type: string 
INFO: [Synth 8-256] done synthesizing module 'pselect_f__parameterized14' (3#1) [c:/Users/micro/OneDrive/Documents/GitHub/FPGA-Projects/Programs/microBlaze/microBlaze.gen/sources_1/bd/PmodDemo/ipshared/66ea/hdl/axi_lite_ipif_v3_0_vh_rfs.vhd:1534]
INFO: [Synth 8-638] synthesizing module 'pselect_f__parameterized15' [c:/Users/micro/OneDrive/Documents/GitHub/FPGA-Projects/Programs/microBlaze/microBlaze.gen/sources_1/bd/PmodDemo/ipshared/66ea/hdl/axi_lite_ipif_v3_0_vh_rfs.vhd:1534]
	Parameter C_AB bound to: 4 - type: integer 
	Parameter C_AW bound to: 4 - type: integer 
	Parameter C_BAR bound to: 4'b1111 
	Parameter C_FAMILY bound to: nofamily - type: string 
INFO: [Synth 8-256] done synthesizing module 'pselect_f__parameterized15' (3#1) [c:/Users/micro/OneDrive/Documents/GitHub/FPGA-Projects/Programs/microBlaze/microBlaze.gen/sources_1/bd/PmodDemo/ipshared/66ea/hdl/axi_lite_ipif_v3_0_vh_rfs.vhd:1534]
INFO: [Synth 8-638] synthesizing module 'pselect_f__parameterized16' [c:/Users/micro/OneDrive/Documents/GitHub/FPGA-Projects/Programs/microBlaze/microBlaze.gen/sources_1/bd/PmodDemo/ipshared/66ea/hdl/axi_lite_ipif_v3_0_vh_rfs.vhd:1534]
	Parameter C_AB bound to: 2 - type: integer 
	Parameter C_AW bound to: 9 - type: integer 
	Parameter C_BAR bound to: 9'b100000000 
	Parameter C_FAMILY bound to: nofamily - type: string 
INFO: [Synth 8-256] done synthesizing module 'pselect_f__parameterized16' (3#1) [c:/Users/micro/OneDrive/Documents/GitHub/FPGA-Projects/Programs/microBlaze/microBlaze.gen/sources_1/bd/PmodDemo/ipshared/66ea/hdl/axi_lite_ipif_v3_0_vh_rfs.vhd:1534]
INFO: [Synth 8-638] synthesizing module 'pselect_f__parameterized17' [c:/Users/micro/OneDrive/Documents/GitHub/FPGA-Projects/Programs/microBlaze/microBlaze.gen/sources_1/bd/PmodDemo/ipshared/66ea/hdl/axi_lite_ipif_v3_0_vh_rfs.vhd:1534]
	Parameter C_AB bound to: 1 - type: integer 
	Parameter C_AW bound to: 9 - type: integer 
	Parameter C_BAR bound to: 9'b000000000 
	Parameter C_FAMILY bound to: nofamily - type: string 
INFO: [Synth 8-256] done synthesizing module 'pselect_f__parameterized17' (3#1) [c:/Users/micro/OneDrive/Documents/GitHub/FPGA-Projects/Programs/microBlaze/microBlaze.gen/sources_1/bd/PmodDemo/ipshared/66ea/hdl/axi_lite_ipif_v3_0_vh_rfs.vhd:1534]
INFO: [Synth 8-638] synthesizing module 'pselect_f__parameterized18' [c:/Users/micro/OneDrive/Documents/GitHub/FPGA-Projects/Programs/microBlaze/microBlaze.gen/sources_1/bd/PmodDemo/ipshared/66ea/hdl/axi_lite_ipif_v3_0_vh_rfs.vhd:1534]
	Parameter C_AB bound to: 1 - type: integer 
	Parameter C_AW bound to: 1 - type: integer 
	Parameter C_BAR bound to: 1'b0 
	Parameter C_FAMILY bound to: nofamily - type: string 
INFO: [Synth 8-256] done synthesizing module 'pselect_f__parameterized18' (3#1) [c:/Users/micro/OneDrive/Documents/GitHub/FPGA-Projects/Programs/microBlaze/microBlaze.gen/sources_1/bd/PmodDemo/ipshared/66ea/hdl/axi_lite_ipif_v3_0_vh_rfs.vhd:1534]
INFO: [Synth 8-638] synthesizing module 'pselect_f__parameterized19' [c:/Users/micro/OneDrive/Documents/GitHub/FPGA-Projects/Programs/microBlaze/microBlaze.gen/sources_1/bd/PmodDemo/ipshared/66ea/hdl/axi_lite_ipif_v3_0_vh_rfs.vhd:1534]
	Parameter C_AB bound to: 1 - type: integer 
	Parameter C_AW bound to: 1 - type: integer 
	Parameter C_BAR bound to: 1'b1 
	Parameter C_FAMILY bound to: nofamily - type: string 
INFO: [Synth 8-256] done synthesizing module 'pselect_f__parameterized19' (3#1) [c:/Users/micro/OneDrive/Documents/GitHub/FPGA-Projects/Programs/microBlaze/microBlaze.gen/sources_1/bd/PmodDemo/ipshared/66ea/hdl/axi_lite_ipif_v3_0_vh_rfs.vhd:1534]
INFO: [Synth 8-256] done synthesizing module 'address_decoder' (4#1) [c:/Users/micro/OneDrive/Documents/GitHub/FPGA-Projects/Programs/microBlaze/microBlaze.gen/sources_1/bd/PmodDemo/ipshared/66ea/hdl/axi_lite_ipif_v3_0_vh_rfs.vhd:1775]
INFO: [Synth 8-226] default block is never used [c:/Users/micro/OneDrive/Documents/GitHub/FPGA-Projects/Programs/microBlaze/microBlaze.gen/sources_1/bd/PmodDemo/ipshared/66ea/hdl/axi_lite_ipif_v3_0_vh_rfs.vhd:2550]
INFO: [Synth 8-256] done synthesizing module 'slave_attachment' (5#1) [c:/Users/micro/OneDrive/Documents/GitHub/FPGA-Projects/Programs/microBlaze/microBlaze.gen/sources_1/bd/PmodDemo/ipshared/66ea/hdl/axi_lite_ipif_v3_0_vh_rfs.vhd:2341]
INFO: [Synth 8-256] done synthesizing module 'axi_lite_ipif' (6#1) [c:/Users/micro/OneDrive/Documents/GitHub/FPGA-Projects/Programs/microBlaze/microBlaze.gen/sources_1/bd/PmodDemo/ipshared/66ea/hdl/axi_lite_ipif_v3_0_vh_rfs.vhd:2948]
INFO: [Synth 8-256] done synthesizing module 'axi_intc' (7#1) [c:/Users/micro/OneDrive/Documents/GitHub/FPGA-Projects/Programs/microBlaze/microBlaze.gen/sources_1/bd/PmodDemo/ipshared/47b8/hdl/axi_intc_v4_1_vh_rfs.vhd:3553]
INFO: [Synth 8-256] done synthesizing module 'PmodDemo_microblaze_0_axi_intc_0' (8#1) [c:/Users/micro/OneDrive/Documents/GitHub/FPGA-Projects/Programs/microBlaze/microBlaze.gen/sources_1/bd/PmodDemo/ip/PmodDemo_microblaze_0_axi_intc_0/synth/PmodDemo_microblaze_0_axi_intc_0.vhd:89]
---------------------------------------------------------------------------------
Finished RTL Elaboration : Time (s): cpu = 00:00:13 ; elapsed = 00:00:17 . Memory (MB): peak = 1016.234 ; gain = 0.000
---------------------------------------------------------------------------------
---------------------------------------------------------------------------------
Start Handling Custom Attributes
---------------------------------------------------------------------------------
---------------------------------------------------------------------------------
Finished Handling Custom Attributes : Time (s): cpu = 00:00:14 ; elapsed = 00:00:19 . Memory (MB): peak = 1016.234 ; gain = 0.000
---------------------------------------------------------------------------------
---------------------------------------------------------------------------------
Finished RTL Optimization Phase 1 : Time (s): cpu = 00:00:14 ; elapsed = 00:00:19 . Memory (MB): peak = 1016.234 ; gain = 0.000
---------------------------------------------------------------------------------
Netlist sorting complete. Time (s): cpu = 00:00:00 ; elapsed = 00:00:00.049 . Memory (MB): peak = 1016.234 ; gain = 0.000
INFO: [Project 1-570] Preparing netlist for logic optimization

Processing XDC Constraints
Initializing timing engine
Parsing XDC File [c:/Users/micro/OneDrive/Documents/GitHub/FPGA-Projects/Programs/microBlaze/microBlaze.gen/sources_1/bd/PmodDemo/ip/PmodDemo_microblaze_0_axi_intc_0/PmodDemo_microblaze_0_axi_intc_0_ooc.xdc] for cell 'U0'
Finished Parsing XDC File [c:/Users/micro/OneDrive/Documents/GitHub/FPGA-Projects/Programs/microBlaze/microBlaze.gen/sources_1/bd/PmodDemo/ip/PmodDemo_microblaze_0_axi_intc_0/PmodDemo_microblaze_0_axi_intc_0_ooc.xdc] for cell 'U0'
Parsing XDC File [c:/Users/micro/OneDrive/Documents/GitHub/FPGA-Projects/Programs/microBlaze/microBlaze.gen/sources_1/bd/PmodDemo/ip/PmodDemo_microblaze_0_axi_intc_0/PmodDemo_microblaze_0_axi_intc_0.xdc] for cell 'U0'
Finished Parsing XDC File [c:/Users/micro/OneDrive/Documents/GitHub/FPGA-Projects/Programs/microBlaze/microBlaze.gen/sources_1/bd/PmodDemo/ip/PmodDemo_microblaze_0_axi_intc_0/PmodDemo_microblaze_0_axi_intc_0.xdc] for cell 'U0'
Parsing XDC File [C:/Users/micro/OneDrive/Documents/GitHub/FPGA-Projects/Programs/microBlaze/microBlaze.runs/PmodDemo_microblaze_0_axi_intc_0_synth_1/dont_touch.xdc]
Finished Parsing XDC File [C:/Users/micro/OneDrive/Documents/GitHub/FPGA-Projects/Programs/microBlaze/microBlaze.runs/PmodDemo_microblaze_0_axi_intc_0_synth_1/dont_touch.xdc]
Parsing XDC File [c:/Users/micro/OneDrive/Documents/GitHub/FPGA-Projects/Programs/microBlaze/microBlaze.gen/sources_1/bd/PmodDemo/ip/PmodDemo_microblaze_0_axi_intc_0/PmodDemo_microblaze_0_axi_intc_0_clocks.xdc] for cell 'U0'
Finished Parsing XDC File [c:/Users/micro/OneDrive/Documents/GitHub/FPGA-Projects/Programs/microBlaze/microBlaze.gen/sources_1/bd/PmodDemo/ip/PmodDemo_microblaze_0_axi_intc_0/PmodDemo_microblaze_0_axi_intc_0_clocks.xdc] for cell 'U0'
Completed Processing XDC Constraints

Netlist sorting complete. Time (s): cpu = 00:00:00 ; elapsed = 00:00:00.001 . Memory (MB): peak = 1080.441 ; gain = 0.000
INFO: [Project 1-111] Unisim Transformation Summary:
No Unisim elements were transformed.

Constraint Validation Runtime : Time (s): cpu = 00:00:00 ; elapsed = 00:00:00.071 . Memory (MB): peak = 1091.707 ; gain = 11.266
---------------------------------------------------------------------------------
Finished Constraint Validation : Time (s): cpu = 00:00:29 ; elapsed = 00:00:35 . Memory (MB): peak = 1091.707 ; gain = 75.473
---------------------------------------------------------------------------------
---------------------------------------------------------------------------------
Start Loading Part and Timing Information
---------------------------------------------------------------------------------
Loading part: xc7a100tcsg324-1
---------------------------------------------------------------------------------
Finished Loading Part and Timing Information : Time (s): cpu = 00:00:29 ; elapsed = 00:00:35 . Memory (MB): peak = 1091.707 ; gain = 75.473
---------------------------------------------------------------------------------
---------------------------------------------------------------------------------
Start Applying 'set_property' XDC Constraints
---------------------------------------------------------------------------------
Applied set_property KEEP_HIERARCHY = SOFT for U0. (constraint file  C:/Users/micro/OneDrive/Documents/GitHub/FPGA-Projects/Programs/microBlaze/microBlaze.runs/PmodDemo_microblaze_0_axi_intc_0_synth_1/dont_touch.xdc, line 9).
---------------------------------------------------------------------------------
Finished applying 'set_property' XDC Constraints : Time (s): cpu = 00:00:29 ; elapsed = 00:00:35 . Memory (MB): peak = 1091.707 ; gain = 75.473
---------------------------------------------------------------------------------
INFO: [Synth 8-802] inferred FSM for state register 'IRQ_LEVEL_GEN.IRQ_LEVEL_FAST_ON_AXI_CLK_GEN.current_state_reg' in module 'intc_core'
INFO: [Synth 8-802] inferred FSM for state register 'state_reg' in module 'slave_attachment'
---------------------------------------------------------------------------------------------------
                   State |                     New Encoding |                Previous Encoding 
---------------------------------------------------------------------------------------------------
                    idle |                               00 |                               00
           gen_level_irq |                               01 |                               01
                wait_ack |                               10 |                               10
---------------------------------------------------------------------------------------------------
INFO: [Synth 8-3354] encoded FSM with state register 'IRQ_LEVEL_GEN.IRQ_LEVEL_FAST_ON_AXI_CLK_GEN.current_state_reg' using encoding 'sequential' in module 'intc_core'
---------------------------------------------------------------------------------------------------
                   State |                     New Encoding |                Previous Encoding 
---------------------------------------------------------------------------------------------------
                 iSTATE2 |                             0001 |                               00
                  iSTATE |                             0010 |                               01
                 iSTATE0 |                             0100 |                               10
                 iSTATE1 |                             1000 |                               11
---------------------------------------------------------------------------------------------------
INFO: [Synth 8-3354] encoded FSM with state register 'state_reg' using encoding 'one-hot' in module 'slave_attachment'
---------------------------------------------------------------------------------
Finished RTL Optimization Phase 2 : Time (s): cpu = 00:00:30 ; elapsed = 00:00:36 . Memory (MB): peak = 1091.707 ; gain = 75.473
---------------------------------------------------------------------------------
---------------------------------------------------------------------------------
Start RTL Component Statistics 
---------------------------------------------------------------------------------
Detailed RTL Component Info : 
+---Adders : 
	   2 Input    4 Bit       Adders := 1     
+---Registers : 
	               32 Bit    Registers := 4     
	                9 Bit    Registers := 1     
	                4 Bit    Registers := 1     
	                2 Bit    Registers := 7     
	                1 Bit    Registers := 63    
+---Muxes : 
	   2 Input   32 Bit        Muxes := 3     
	   2 Input   30 Bit        Muxes := 1     
	   2 Input    9 Bit        Muxes := 1     
	   4 Input    4 Bit        Muxes := 1     
	   2 Input    4 Bit        Muxes := 6     
	   3 Input    2 Bit        Muxes := 1     
	   2 Input    2 Bit        Muxes := 9     
	   4 Input    2 Bit        Muxes := 1     
	   7 Input    2 Bit        Muxes := 1     
	   2 Input    1 Bit        Muxes := 32    
	   4 Input    1 Bit        Muxes := 3     
---------------------------------------------------------------------------------
Finished RTL Component Statistics 
---------------------------------------------------------------------------------
---------------------------------------------------------------------------------
Start Part Resource Summary
---------------------------------------------------------------------------------
Part Resources:
DSPs: 240 (col length:80)
BRAMs: 270 (col length: RAMB18 80 RAMB36 40)
---------------------------------------------------------------------------------
Finished Part Resource Summary
---------------------------------------------------------------------------------
---------------------------------------------------------------------------------
Start Cross Boundary and Area Optimization
---------------------------------------------------------------------------------
---------------------------------------------------------------------------------
Finished Cross Boundary and Area Optimization : Time (s): cpu = 00:00:35 ; elapsed = 00:00:42 . Memory (MB): peak = 1091.707 ; gain = 75.473
---------------------------------------------------------------------------------
---------------------------------------------------------------------------------
Start ROM, RAM, DSP, Shift Register and Retiming Reporting
---------------------------------------------------------------------------------

Distributed RAM: Preliminary Mapping	Report (see note below)
+------------+-----------------------------------------------------------------------------------------+----------------+----------------------+----------------+
|Module Name | RTL Object                                                                              | Inference      | Size (Depth x Width) | Primitives     | 
+------------+-----------------------------------------------------------------------------------------+----------------+----------------------+----------------+
|U0          | INTC_CORE_I/IVAR_FAST_MODE_GEN.IVAR_REG_MEM_AXI_CLK_GEN.IVAR_REG_MEM_I/ram_i[0].ram_reg | User Attribute | 16 x 32              | RAM16X1D x 32	 | 
+------------+-----------------------------------------------------------------------------------------+----------------+----------------------+----------------+

Note: The table above is a preliminary report that shows the Distributed RAMs at the current stage of the synthesis flow. Some Distributed RAMs may be reimplemented as non Distributed RAM primitives later in the synthesis flow. Multiple instantiated RAMs are reported only once.
---------------------------------------------------------------------------------
Finished ROM, RAM, DSP, Shift Register and Retiming Reporting
---------------------------------------------------------------------------------
---------------------------------------------------------------------------------
Start Applying XDC Timing Constraints
---------------------------------------------------------------------------------
---------------------------------------------------------------------------------
Finished Applying XDC Timing Constraints : Time (s): cpu = 00:00:50 ; elapsed = 00:01:01 . Memory (MB): peak = 1091.707 ; gain = 75.473
---------------------------------------------------------------------------------
---------------------------------------------------------------------------------
Start Timing Optimization
---------------------------------------------------------------------------------
---------------------------------------------------------------------------------
Finished Timing Optimization : Time (s): cpu = 00:00:54 ; elapsed = 00:01:06 . Memory (MB): peak = 1094.332 ; gain = 78.098
---------------------------------------------------------------------------------
---------------------------------------------------------------------------------
Start Technology Mapping
---------------------------------------------------------------------------------
---------------------------------------------------------------------------------
Finished Technology Mapping : Time (s): cpu = 00:00:54 ; elapsed = 00:01:06 . Memory (MB): peak = 1105.195 ; gain = 88.961
---------------------------------------------------------------------------------
---------------------------------------------------------------------------------
Start IO Insertion
---------------------------------------------------------------------------------
---------------------------------------------------------------------------------
Start Flattening Before IO Insertion
---------------------------------------------------------------------------------
---------------------------------------------------------------------------------
Finished Flattening Before IO Insertion
---------------------------------------------------------------------------------
---------------------------------------------------------------------------------
Start Final Netlist Cleanup
---------------------------------------------------------------------------------
---------------------------------------------------------------------------------
Finished Final Netlist Cleanup
---------------------------------------------------------------------------------
---------------------------------------------------------------------------------
Finished IO Insertion : Time (s): cpu = 00:01:05 ; elapsed = 00:01:19 . Memory (MB): peak = 1105.195 ; gain = 88.961
---------------------------------------------------------------------------------
---------------------------------------------------------------------------------
Start Renaming Generated Instances
---------------------------------------------------------------------------------
---------------------------------------------------------------------------------
Finished Renaming Generated Instances : Time (s): cpu = 00:01:05 ; elapsed = 00:01:19 . Memory (MB): peak = 1105.195 ; gain = 88.961
---------------------------------------------------------------------------------
---------------------------------------------------------------------------------
Start Rebuilding User Hierarchy
---------------------------------------------------------------------------------
---------------------------------------------------------------------------------
Finished Rebuilding User Hierarchy : Time (s): cpu = 00:01:05 ; elapsed = 00:01:19 . Memory (MB): peak = 1105.195 ; gain = 88.961
---------------------------------------------------------------------------------
---------------------------------------------------------------------------------
Start Renaming Generated Ports
---------------------------------------------------------------------------------
---------------------------------------------------------------------------------
Finished Renaming Generated Ports : Time (s): cpu = 00:01:05 ; elapsed = 00:01:19 . Memory (MB): peak = 1105.195 ; gain = 88.961
---------------------------------------------------------------------------------
---------------------------------------------------------------------------------
Start Handling Custom Attributes
---------------------------------------------------------------------------------
---------------------------------------------------------------------------------
Finished Handling Custom Attributes : Time (s): cpu = 00:01:05 ; elapsed = 00:01:19 . Memory (MB): peak = 1105.195 ; gain = 88.961
---------------------------------------------------------------------------------
---------------------------------------------------------------------------------
Start Renaming Generated Nets
---------------------------------------------------------------------------------
---------------------------------------------------------------------------------
Finished Renaming Generated Nets : Time (s): cpu = 00:01:05 ; elapsed = 00:01:19 . Memory (MB): peak = 1105.195 ; gain = 88.961
---------------------------------------------------------------------------------
---------------------------------------------------------------------------------
Start Writing Synthesis Report
---------------------------------------------------------------------------------

Report BlackBoxes: 
+-+--------------+----------+
| |BlackBox name |Instances |
+-+--------------+----------+
+-+--------------+----------+

Report Cell Usage: 
+------+---------+------+
|      |Cell     |Count |
+------+---------+------+
|1     |LUT1     |     2|
|2     |LUT2     |    22|
|3     |LUT3     |    20|
|4     |LUT4     |    46|
|5     |LUT5     |    35|
|6     |LUT6     |    27|
|7     |RAM16X1D |    32|
|8     |FDRE     |   185|
|9     |FDSE     |     2|
+------+---------+------+
---------------------------------------------------------------------------------
Finished Writing Synthesis Report : Time (s): cpu = 00:01:05 ; elapsed = 00:01:19 . Memory (MB): peak = 1105.195 ; gain = 88.961
---------------------------------------------------------------------------------
Synthesis finished with 0 errors, 0 critical warnings and 0 warnings.
Synthesis Optimization Runtime : Time (s): cpu = 00:00:46 ; elapsed = 00:01:14 . Memory (MB): peak = 1105.195 ; gain = 13.488
Synthesis Optimization Complete : Time (s): cpu = 00:01:06 ; elapsed = 00:01:20 . Memory (MB): peak = 1105.195 ; gain = 88.961
INFO: [Project 1-571] Translating synthesized netlist
Netlist sorting complete. Time (s): cpu = 00:00:00 ; elapsed = 00:00:00.031 . Memory (MB): peak = 1114.031 ; gain = 0.000
INFO: [Netlist 29-17] Analyzing 32 Unisim elements for replacement
INFO: [Netlist 29-28] Unisim Transformation completed in 0 CPU seconds
INFO: [Project 1-570] Preparing netlist for logic optimization
INFO: [Opt 31-138] Pushed 0 inverter(s) to 0 load pin(s).
Netlist sorting complete. Time (s): cpu = 00:00:00 ; elapsed = 00:00:00.001 . Memory (MB): peak = 1117.301 ; gain = 0.000
INFO: [Project 1-111] Unisim Transformation Summary:
  A total of 32 instances were transformed.
  RAM16X1D => RAM32X1D (RAMD32(x2)): 32 instances

INFO: [Common 17-83] Releasing license: Synthesis
79 Infos, 1 Warnings, 0 Critical Warnings and 0 Errors encountered.
synth_design completed successfully
synth_design: Time (s): cpu = 00:01:20 ; elapsed = 00:01:39 . Memory (MB): peak = 1117.301 ; gain = 101.066
INFO: [Common 17-1381] The checkpoint 'C:/Users/micro/OneDrive/Documents/GitHub/FPGA-Projects/Programs/microBlaze/microBlaze.runs/PmodDemo_microblaze_0_axi_intc_0_synth_1/PmodDemo_microblaze_0_axi_intc_0.dcp' has been generated.
WARNING: [Common 17-576] 'use_project_ipc' is deprecated. This option is deprecated and no longer used.
INFO: [Coretcl 2-1648] Added synthesis output to IP cache for IP PmodDemo_microblaze_0_axi_intc_0, cache-ID = f8993ae6355c9dda
INFO: [Coretcl 2-1174] Renamed 6 cell refs.
INFO: [Common 17-1381] The checkpoint 'C:/Users/micro/OneDrive/Documents/GitHub/FPGA-Projects/Programs/microBlaze/microBlaze.runs/PmodDemo_microblaze_0_axi_intc_0_synth_1/PmodDemo_microblaze_0_axi_intc_0.dcp' has been generated.
INFO: [runtcl-4] Executing : report_utilization -file PmodDemo_microblaze_0_axi_intc_0_utilization_synth.rpt -pb PmodDemo_microblaze_0_axi_intc_0_utilization_synth.pb
INFO: [Common 17-206] Exiting Vivado at Tue Jul  6 09:57:36 2021...
